# JRE version: OpenJDK Runtime Environment (17.0.11) (build 17.0.11+0--11852314)
# Java VM: OpenJDK 64-Bit Server VM (17.0.11+0--11852314, mixed mode, tiered, compressed oops, compressed class ptrs, g1 gc, windows-amd64)
GC Precious Log:
 CPUs: 4 total, 4 available
 Memory: 7613M
 Large Page Support: Disabled
 NUMA Support: Disabled
 Compressed Oops: Enabled (32-bit)
 Heap Region Size: 1M
 Heap Min Capacity: 8M
 Heap Initial Capacity: 120M
 Heap Max Capacity: 2G
 Pre-touch: Disabled
 Parallel Workers: 4
 Concurrent Workers: 1
 Concurrent Refinement Workers: 4
 Periodic GC: Disabled
Heap:
 garbage-first heap   total 73728K, used 47941K [0x0000000080000000, 0x0000000100000000)
  region size 1024K, 8 young (8192K), 2 survivors (2048K)
 Metaspace       used 56890K, committed 57472K, reserved 1114112K
  class space    used 7747K, committed 8000K, reserved 1048576K
GC Heap History (20 events):
Event: 77.955 GC heap before
{Heap before GC invocations=10 (full 0):
 garbage-first heap   total 68608K, used 52119K [0x0000000080000000, 0x0000000100000000)
  region size 1024K, 30 young (30720K), 2 survivors (2048K)
 Metaspace       used 41491K, committed 41792K, reserved 1114112K
  class space    used 5487K, committed 5632K, reserved 1048576K
}
Event: 77.967 GC heap after
{Heap after GC invocations=11 (full 0):
 garbage-first heap   total 68608K, used 27725K [0x0000000080000000, 0x0000000100000000)
  region size 1024K, 4 young (4096K), 4 survivors (4096K)
 Metaspace       used 41491K, committed 41792K, reserved 1114112K
  class space    used 5487K, committed 5632K, reserved 1048576K
}
Event: 79.416 GC heap before
{Heap before GC invocations=11 (full 0):
 garbage-first heap   total 68608K, used 53325K [0x0000000080000000, 0x0000000100000000)
  region size 1024K, 29 young (29696K), 4 survivors (4096K)
 Metaspace       used 42580K, committed 43008K, reserved 1114112K
  class space    used 5661K, committed 5888K, reserved 1048576K
}
Event: 79.431 GC heap after
{Heap after GC invocations=12 (full 0):
 garbage-first heap   total 68608K, used 29307K [0x0000000080000000, 0x0000000100000000)
  region size 1024K, 2 young (2048K), 2 survivors (2048K)
 Metaspace       used 42580K, committed 43008K, reserved 1114112K
  class space    used 5661K, committed 5888K, reserved 1048576K
}
Event: 86.537 GC heap before
{Heap before GC invocations=12 (full 0):
 garbage-first heap   total 68608K, used 52859K [0x0000000080000000, 0x0000000100000000)
  region size 1024K, 25 young (25600K), 2 survivors (2048K)
 Metaspace       used 44765K, committed 45184K, reserved 1114112K
  class space    used 6007K, committed 6208K, reserved 1048576K
}
Event: 86.546 GC heap after
{Heap after GC invocations=13 (full 0):
 garbage-first heap   total 68608K, used 30841K [0x0000000080000000, 0x0000000100000000)
  region size 1024K, 4 young (4096K), 4 survivors (4096K)
 Metaspace       used 44765K, committed 45184K, reserved 1114112K
  class space    used 6007K, committed 6208K, reserved 1048576K
}
Event: 92.057 GC heap before
{Heap before GC invocations=13 (full 0):
 garbage-first heap   total 68608K, used 53369K [0x0000000080000000, 0x0000000100000000)
  region size 1024K, 26 young (26624K), 4 survivors (4096K)
 Metaspace       used 47492K, committed 47936K, reserved 1114112K
  class space    used 6472K, committed 6656K, reserved 1048576K
}
Event: 92.070 GC heap after
{Heap after GC invocations=14 (full 0):
 garbage-first heap   total 68608K, used 31949K [0x0000000080000000, 0x0000000100000000)
  region size 1024K, 3 young (3072K), 3 survivors (3072K)
 Metaspace       used 47492K, committed 47936K, reserved 1114112K
  class space    used 6472K, committed 6656K, reserved 1048576K
}
Event: 95.106 GC heap before
{Heap before GC invocations=14 (full 0):
 garbage-first heap   total 68608K, used 54477K [0x0000000080000000, 0x0000000100000000)
  region size 1024K, 25 young (25600K), 3 survivors (3072K)
 Metaspace       used 50545K, committed 51008K, reserved 1114112K
  class space    used 6949K, committed 7168K, reserved 1048576K
}
Event: 95.120 GC heap after
{Heap after GC invocations=15 (full 0):
 garbage-first heap   total 68608K, used 33160K [0x0000000080000000, 0x0000000100000000)
  region size 1024K, 3 young (3072K), 3 survivors (3072K)
 Metaspace       used 50545K, committed 51008K, reserved 1114112K
  class space    used 6949K, committed 7168K, reserved 1048576K
}
Event: 98.128 GC heap before
{Heap before GC invocations=15 (full 0):
 garbage-first heap   total 68608K, used 48520K [0x0000000080000000, 0x0000000100000000)
  region size 1024K, 20 young (20480K), 3 survivors (3072K)
 Metaspace       used 52499K, committed 52992K, reserved 1114112K
  class space    used 7276K, committed 7488K, reserved 1048576K
}
Event: 98.136 GC heap after
{Heap after GC invocations=16 (full 0):
 garbage-first heap   total 68608K, used 34622K [0x0000000080000000, 0x0000000100000000)
  region size 1024K, 3 young (3072K), 3 survivors (3072K)
 Metaspace       used 52499K, committed 52992K, reserved 1114112K
  class space    used 7276K, committed 7488K, reserved 1048576K
}
Event: 101.277 GC heap before
{Heap before GC invocations=17 (full 0):
 garbage-first heap   total 68608K, used 57150K [0x0000000080000000, 0x0000000100000000)
  region size 1024K, 23 young (23552K), 3 survivors (3072K)
 Metaspace       used 55424K, committed 55936K, reserved 1114112K
  class space    used 7628K, committed 7872K, reserved 1048576K
}
Event: 101.286 GC heap after
{Heap after GC invocations=18 (full 0):
 garbage-first heap   total 68608K, used 35389K [0x0000000080000000, 0x0000000100000000)
  region size 1024K, 2 young (2048K), 2 survivors (2048K)
 Metaspace       used 55424K, committed 55936K, reserved 1114112K
  class space    used 7628K, committed 7872K, reserved 1048576K
}
Event: 110.119 GC heap before
{Heap before GC invocations=18 (full 0):
 garbage-first heap   total 68608K, used 54845K [0x0000000080000000, 0x0000000100000000)
  region size 1024K, 22 young (22528K), 2 survivors (2048K)
 Metaspace       used 56415K, committed 56960K, reserved 1114112K
  class space    used 7725K, committed 8000K, reserved 1048576K
}
Event: 110.134 GC heap after
{Heap after GC invocations=19 (full 0):
 garbage-first heap   total 68608K, used 38182K [0x0000000080000000, 0x0000000100000000)
  region size 1024K, 3 young (3072K), 3 survivors (3072K)
 Metaspace       used 56415K, committed 56960K, reserved 1114112K
  class space    used 7725K, committed 8000K, reserved 1048576K
}
Event: 111.946 GC heap before
{Heap before GC invocations=20 (full 0):
 garbage-first heap   total 68608K, used 54566K [0x0000000080000000, 0x0000000100000000)
  region size 1024K, 20 young (20480K), 3 survivors (3072K)
 Metaspace       used 56697K, committed 57216K, reserved 1114112K
  class space    used 7744K, committed 8000K, reserved 1048576K
}
Event: 111.960 GC heap after
{Heap after GC invocations=21 (full 0):
 garbage-first heap   total 68608K, used 42022K [0x0000000080000000, 0x0000000100000000)
  region size 1024K, 3 young (3072K), 3 survivors (3072K)
 Metaspace       used 56697K, committed 57216K, reserved 1114112K
  class space    used 7744K, committed 8000K, reserved 1048576K
}
Event: 114.267 GC heap before
{Heap before GC invocations=21 (full 0):
 garbage-first heap   total 68608K, used 53286K [0x0000000080000000, 0x0000000100000000)
  region size 1024K, 15 young (15360K), 3 survivors (3072K)
 Metaspace       used 56829K, committed 57344K, reserved 1114112K
  class space    used 7744K, committed 8000K, reserved 1048576K
}
Event: 114.276 GC heap after
{Heap after GC invocations=22 (full 0):
 garbage-first heap   total 68608K, used 42821K [0x0000000080000000, 0x0000000100000000)
  region size 1024K, 2 young (2048K), 2 survivors (2048K)
 Metaspace       used 56829K, committed 57344K, reserved 1114112K
  class space    used 7744K, committed 8000K, reserved 1048576K
}

