# JRE version: OpenJDK Runtime Environment (17.0.11) (build 17.0.11+0--11852314)
# Java VM: OpenJDK 64-Bit Server VM (17.0.11+0--11852314, mixed mode, tiered, compressed oops, compressed class ptrs, g1 gc, windows-amd64)
GC Precious Log:
 CPUs: 4 total, 4 available
 Memory: 7613M
 Large Page Support: Disabled
 NUMA Support: Disabled
 Compressed Oops: Enabled (32-bit)
 Heap Region Size: 1M
 Heap Min Capacity: 8M
 Heap Initial Capacity: 120M
 Heap Max Capacity: 2G
 Pre-touch: Disabled
 Parallel Workers: 4
 Concurrent Workers: 1
 Concurrent Refinement Workers: 4
 Periodic GC: Disabled
Heap:
 garbage-first heap   total 295936K, used 220092K [0x0000000080000000, 0x0000000100000000)
  region size 1024K, 38 young (38912K), 6 survivors (6144K)
 Metaspace       used 163342K, committed 164416K, reserved 1245184K
  class space    used 22382K, committed 22912K, reserved 1048576K
GC Heap History (20 events):
Event: 158.663 GC heap before
{Heap before GC invocations=76 (full 0):
 garbage-first heap   total 198656K, used 181047K [0x0000000080000000, 0x0000000100000000)
  region size 1024K, 9 young (9216K), 2 survivors (2048K)
 Metaspace       used 136854K, committed 137792K, reserved 1179648K
  class space    used 18336K, committed 18752K, reserved 1048576K
}
Event: 158.672 GC heap after
{Heap after GC invocations=77 (full 0):
 garbage-first heap   total 198656K, used 176297K [0x0000000080000000, 0x0000000100000000)
  region size 1024K, 2 young (2048K), 2 survivors (2048K)
 Metaspace       used 136854K, committed 137792K, reserved 1179648K
  class space    used 18336K, committed 18752K, reserved 1048576K
}
Event: 160.648 GC heap before
{Heap before GC invocations=78 (full 0):
 garbage-first heap   total 295936K, used 186537K [0x0000000080000000, 0x0000000100000000)
  region size 1024K, 14 young (14336K), 2 survivors (2048K)
 Metaspace       used 130989K, committed 131968K, reserved 1179648K
  class space    used 17608K, committed 18048K, reserved 1048576K
}
Event: 160.654 GC heap after
{Heap after GC invocations=79 (full 0):
 garbage-first heap   total 295936K, used 173314K [0x0000000080000000, 0x0000000100000000)
  region size 1024K, 1 young (1024K), 1 survivors (1024K)
 Metaspace       used 130989K, committed 131968K, reserved 1179648K
  class space    used 17608K, committed 18048K, reserved 1048576K
}
Event: 161.583 GC heap before
{Heap before GC invocations=79 (full 0):
 garbage-first heap   total 295936K, used 186626K [0x0000000080000000, 0x0000000100000000)
  region size 1024K, 14 young (14336K), 1 survivors (1024K)
 Metaspace       used 133060K, committed 134016K, reserved 1179648K
  class space    used 17864K, committed 18304K, reserved 1048576K
}
Event: 161.598 GC heap after
{Heap after GC invocations=80 (full 0):
 garbage-first heap   total 295936K, used 152409K [0x0000000080000000, 0x0000000100000000)
  region size 1024K, 1 young (1024K), 1 survivors (1024K)
 Metaspace       used 133060K, committed 134016K, reserved 1179648K
  class space    used 17864K, committed 18304K, reserved 1048576K
}
Event: 172.314 GC heap before
{Heap before GC invocations=80 (full 0):
 garbage-first heap   total 295936K, used 234329K [0x0000000080000000, 0x0000000100000000)
  region size 1024K, 81 young (82944K), 1 survivors (1024K)
 Metaspace       used 139454K, committed 140352K, reserved 1179648K
  class space    used 18767K, committed 19200K, reserved 1048576K
}
Event: 172.336 GC heap after
{Heap after GC invocations=81 (full 0):
 garbage-first heap   total 295936K, used 157585K [0x0000000080000000, 0x0000000100000000)
  region size 1024K, 6 young (6144K), 6 survivors (6144K)
 Metaspace       used 139454K, committed 140352K, reserved 1179648K
  class space    used 18767K, committed 19200K, reserved 1048576K
}
Event: 193.001 GC heap before
{Heap before GC invocations=81 (full 0):
 garbage-first heap   total 295936K, used 239505K [0x0000000080000000, 0x0000000100000000)
  region size 1024K, 86 young (88064K), 6 survivors (6144K)
 Metaspace       used 143006K, committed 143936K, reserved 1179648K
  class space    used 19287K, committed 19712K, reserved 1048576K
}
Event: 193.031 GC heap after
{Heap after GC invocations=82 (full 0):
 garbage-first heap   total 295936K, used 160727K [0x0000000080000000, 0x0000000100000000)
  region size 1024K, 9 young (9216K), 9 survivors (9216K)
 Metaspace       used 143006K, committed 143936K, reserved 1179648K
  class space    used 19287K, committed 19712K, reserved 1048576K
}
Event: 210.312 GC heap before
{Heap before GC invocations=82 (full 0):
 garbage-first heap   total 295936K, used 243671K [0x0000000080000000, 0x0000000100000000)
  region size 1024K, 89 young (91136K), 9 survivors (9216K)
 Metaspace       used 149479K, committed 150400K, reserved 1179648K
  class space    used 20232K, committed 20672K, reserved 1048576K
}
Event: 210.420 GC heap after
{Heap after GC invocations=83 (full 0):
 garbage-first heap   total 295936K, used 168628K [0x0000000080000000, 0x0000000100000000)
  region size 1024K, 10 young (10240K), 10 survivors (10240K)
 Metaspace       used 149479K, committed 150400K, reserved 1179648K
  class space    used 20232K, committed 20672K, reserved 1048576K
}
Event: 218.846 GC heap before
{Heap before GC invocations=83 (full 0):
 garbage-first heap   total 295936K, used 243380K [0x0000000080000000, 0x0000000100000000)
  region size 1024K, 84 young (86016K), 10 survivors (10240K)
 Metaspace       used 158543K, committed 159552K, reserved 1245184K
  class space    used 21695K, committed 22144K, reserved 1048576K
}
Event: 218.897 GC heap after
{Heap after GC invocations=84 (full 0):
 garbage-first heap   total 295936K, used 170493K [0x0000000080000000, 0x0000000100000000)
  region size 1024K, 3 young (3072K), 3 survivors (3072K)
 Metaspace       used 158543K, committed 159552K, reserved 1245184K
  class space    used 21695K, committed 22144K, reserved 1048576K
}
Event: 325.351 GC heap before
{Heap before GC invocations=84 (full 0):
 garbage-first heap   total 295936K, used 258557K [0x0000000080000000, 0x0000000100000000)
  region size 1024K, 79 young (80896K), 3 survivors (3072K)
 Metaspace       used 162460K, committed 163456K, reserved 1245184K
  class space    used 22344K, committed 22848K, reserved 1048576K
}
Event: 325.811 GC heap after
{Heap after GC invocations=85 (full 0):
 garbage-first heap   total 295936K, used 172051K [0x0000000080000000, 0x0000000100000000)
  region size 1024K, 7 young (7168K), 7 survivors (7168K)
 Metaspace       used 162460K, committed 163456K, reserved 1245184K
  class space    used 22344K, committed 22848K, reserved 1048576K
}
Event: 335.329 GC heap before
{Heap before GC invocations=85 (full 0):
 garbage-first heap   total 295936K, used 234515K [0x0000000080000000, 0x0000000100000000)
  region size 1024K, 69 young (70656K), 7 survivors (7168K)
 Metaspace       used 163095K, committed 164160K, reserved 1245184K
  class space    used 22375K, committed 22912K, reserved 1048576K
}
Event: 335.401 GC heap after
{Heap after GC invocations=86 (full 0):
 garbage-first heap   total 295936K, used 180115K [0x0000000080000000, 0x0000000100000000)
  region size 1024K, 9 young (9216K), 9 survivors (9216K)
 Metaspace       used 163095K, committed 164160K, reserved 1245184K
  class space    used 22375K, committed 22912K, reserved 1048576K
}
Event: 370.689 GC heap before
{Heap before GC invocations=86 (full 0):
 garbage-first heap   total 295936K, used 239507K [0x0000000080000000, 0x0000000100000000)
  region size 1024K, 66 young (67584K), 9 survivors (9216K)
 Metaspace       used 163309K, committed 164416K, reserved 1245184K
  class space    used 22382K, committed 22912K, reserved 1048576K
}
Event: 370.949 GC heap after
{Heap after GC invocations=87 (full 0):
 garbage-first heap   total 295936K, used 188348K [0x0000000080000000, 0x0000000100000000)
  region size 1024K, 6 young (6144K), 6 survivors (6144K)
 Metaspace       used 163309K, committed 164416K, reserved 1245184K
  class space    used 22382K, committed 22912K, reserved 1048576K
}

